Using pre-set license
Built from '2021.1/release' branch; Version is '2021.1.1f1 (6fdc41dfa55a) revision 7330881'; Using compiler version '192528614'; Build Type 'Release'
OS: 'Windows 10 Home; OS build 19042.928; Version 2009; 64bit' Language: 'zh' Physical Memory: 8043 MB
BatchMode: 1, IsHumanControllingUs: 0, StartBugReporterOnCrash: 0, Is64bit: 1, IsPro: 0

 COMMAND LINE ARGUMENTS:
C:\Program Files\Unity 2021.1.1f1\Editor\Unity.exe
-adb2
-batchMode
-noUpm
-name
AssetImportWorker0
-projectPath
D:/unity檔案/橋牌遊戲
-logFile
Logs/AssetImportWorker0.log
-srvPort
62570
Successfully changed project path to: D:/unity檔案/橋牌遊戲
D:/unity檔案/橋牌遊戲
Using Asset Import Pipeline V2.
Refreshing native plugins compatible for Editor in 89.73 ms, found 2 plugins.
Preloading 0 native plugins for Editor in 0.00 ms.
Initialize engine version: 2021.1.1f1 (6fdc41dfa55a)
[Subsystems] Discovering subsystems at path C:/Program Files/Unity 2021.1.1f1/Editor/Data/Resources/UnitySubsystems
[Subsystems] Discovering subsystems at path D:/unity檔案/橋牌遊戲/Assets
GfxDevice: creating device client; threaded=0; jobified=0
Direct3D:
    Version:  Direct3D 11.0 [level 11.1]
    Renderer: NVIDIA GeForce GTX 1650 (ID=0x1f91)
    Vendor:   NVIDIA
    VRAM:     3964 MB
    Driver:   27.21.14.5763
Initialize mono
Mono path[0] = 'C:/Program Files/Unity 2021.1.1f1/Editor/Data/Managed'
Mono path[1] = 'C:/Program Files/Unity 2021.1.1f1/Editor/Data/MonoBleedingEdge/lib/mono/unityjit'
Mono config path = 'C:/Program Files/Unity 2021.1.1f1/Editor/Data/MonoBleedingEdge/etc'
Using monoOptions --debugger-agent=transport=dt_socket,embedding=1,server=y,suspend=n,address=127.0.0.1:56584
Begin MonoManager ReloadAssembly
Registering precompiled unity dll's ...
Register platform support module: C:/Program Files/Unity 2021.1.1f1/Editor/Data/PlaybackEngines/WindowsStandaloneSupport/UnityEditor.WindowsStandalone.Extensions.dll
Registered in 0.002166 seconds.
Native extension for WindowsStandalone target not found
Refreshing native plugins compatible for Editor in 99.28 ms, found 2 plugins.
Preloading 0 native plugins for Editor in 0.00 ms.
Mono: successfully reloaded assembly
- Completed reload, in  1.205 seconds
Platform modules already initialized, skipping
Registering precompiled user dll's ...
Registered in 0.002805 seconds.
Begin MonoManager ReloadAssembly
Native extension for WindowsStandalone target not found
Refreshing native plugins compatible for Editor in 83.24 ms, found 2 plugins.
Preloading 0 native plugins for Editor in 0.00 ms.
Mono: successfully reloaded assembly
- Completed reload, in  1.027 seconds
Platform modules already initialized, skipping
========================================================================
Worker process is ready to serve import requests
Launched and connected shader compiler UnityShaderCompiler.exe after 0.06 seconds
Refreshing native plugins compatible for Editor in 0.61 ms, found 2 plugins.
Preloading 0 native plugins for Editor in 0.00 ms.
Unloading 3371 Unused Serialized files (Serialized files now loaded: 0)
System memory in use before: 127.9 MB.
System memory in use after: 127.9 MB.

Unloading 29 unused Assets to reduce memory usage. Loaded Objects now: 3824.
Total: 2.759800 ms (FindLiveObjects: 0.380900 ms CreateObjectMapping: 0.249200 ms MarkObjects: 2.014300 ms  DeleteObjects: 0.114700 ms)

========================================================================
Received Import Request.
  path: Assets/橋牌遊戲場景.unity
  artifactKey: Guid(1b3097233d3d4f8478aafe51aaedc4e0) Importer(815301076,1909f56bfc062723c751e8b465ee728b)
Start importing Assets/橋牌遊戲場景.unity using Guid(1b3097233d3d4f8478aafe51aaedc4e0) Importer(815301076,1909f56bfc062723c751e8b465ee728b)  -> (artifact id: '32f33ba8a3f94a143c9236654d70d55e') in 0.011657 seconds 
========================================================================
Received Prepare
Refreshing native plugins compatible for Editor in 2.45 ms, found 2 plugins.
Preloading 0 native plugins for Editor in 0.00 ms.
Unloading 15 Unused Serialized files (Serialized files now loaded: 0)
System memory in use before: 61.2 MB.
System memory in use after: 61.3 MB.

Unloading 15 unused Assets to reduce memory usage. Loaded Objects now: 3824.
Total: 3.315500 ms (FindLiveObjects: 0.400100 ms CreateObjectMapping: 0.164900 ms MarkObjects: 2.648900 ms  DeleteObjects: 0.100800 ms)

========================================================================
Received Import Request.
  Time since last request: 8.877792 seconds.
  path: Assets/prefab/pointer2.prefab
  artifactKey: Guid(9be0145c42d09c944b930634f3e941ab) Importer(815301076,1909f56bfc062723c751e8b465ee728b)
Start importing Assets/prefab/pointer2.prefab using Guid(9be0145c42d09c944b930634f3e941ab) Importer(815301076,1909f56bfc062723c751e8b465ee728b)  -> (artifact id: 'eeeb5707aef37b7ac4c65038f8c16263') in 0.088362 seconds 
========================================================================
Received Import Request.
  Time since last request: 5.754989 seconds.
  path: Assets/prefab/pointer1.prefab
  artifactKey: Guid(efca4121dc0fd624b9761c99eaba01f6) Importer(815301076,1909f56bfc062723c751e8b465ee728b)
Start importing Assets/prefab/pointer1.prefab using Guid(efca4121dc0fd624b9761c99eaba01f6) Importer(815301076,1909f56bfc062723c751e8b465ee728b)  -> (artifact id: 'ec59ba0cebd29160349d022ea1401f13') in 0.010054 seconds 
========================================================================
Received Import Request.
  Time since last request: 2.574151 seconds.
  path: Assets/prefab/pointer3.prefab
  artifactKey: Guid(11a4c6531739f6a4793d403d08eb1dd0) Importer(815301076,1909f56bfc062723c751e8b465ee728b)
Start importing Assets/prefab/pointer3.prefab using Guid(11a4c6531739f6a4793d403d08eb1dd0) Importer(815301076,1909f56bfc062723c751e8b465ee728b)  -> (artifact id: 'ca74f0fb1bf4496904b2a758d42d47a6') in 0.010304 seconds 
========================================================================
Received Import Request.
  Time since last request: 2.725581 seconds.
  path: Assets/prefab/pointer0.prefab
  artifactKey: Guid(47546fd5bae5ac847bb4d18329ca9926) Importer(815301076,1909f56bfc062723c751e8b465ee728b)
Start importing Assets/prefab/pointer0.prefab using Guid(47546fd5bae5ac847bb4d18329ca9926) Importer(815301076,1909f56bfc062723c751e8b465ee728b)  -> (artifact id: '7c8dd35ce2bf207369a62324d6e87c21') in 0.012744 seconds 
========================================================================
Received Import Request.
  Time since last request: 4.591194 seconds.
  path: Assets/prefab
  artifactKey: Guid(6fa15ff7f9a95b1499dd011f1f6aceda) Importer(815301076,1909f56bfc062723c751e8b465ee728b)
Start importing Assets/prefab using Guid(6fa15ff7f9a95b1499dd011f1f6aceda) Importer(815301076,1909f56bfc062723c751e8b465ee728b)  -> (artifact id: '796ad697bda8e1014b1495a086ff9f7e') in 0.002840 seconds 
========================================================================
Received Import Request.
  Time since last request: 12.121452 seconds.
  path: Assets/prefab/pointer
  artifactKey: Guid(55d54502e742c284f9f13a7417daf517) Importer(815301076,1909f56bfc062723c751e8b465ee728b)
Start importing Assets/prefab/pointer using Guid(55d54502e742c284f9f13a7417daf517) Importer(815301076,1909f56bfc062723c751e8b465ee728b)  -> (artifact id: '0831fe4db687d2f464610eb857494e36') in 0.003622 seconds 
========================================================================
Received Import Request.
  Time since last request: 468.849167 seconds.
  path: Assets/prefab/pointer/EventSystem.prefab
  artifactKey: Guid(7339eba283890014ca37365d4ea2c971) Importer(815301076,1909f56bfc062723c751e8b465ee728b)
Start importing Assets/prefab/pointer/EventSystem.prefab using Guid(7339eba283890014ca37365d4ea2c971) Importer(815301076,1909f56bfc062723c751e8b465ee728b)  -> (artifact id: 'd618d576a4dd1c22a97a6a000e1a14b0') in 0.010103 seconds 
========================================================================
Received Prepare
Registering precompiled user dll's ...
Registered in 0.003028 seconds.
Begin MonoManager ReloadAssembly
Native extension for WindowsStandalone target not found
Refreshing native plugins compatible for Editor in 0.84 ms, found 2 plugins.
Preloading 0 native plugins for Editor in 0.00 ms.
Mono: successfully reloaded assembly
- Completed reload, in  0.945 seconds
Platform modules already initialized, skipping
Refreshing native plugins compatible for Editor in 0.67 ms, found 2 plugins.
Preloading 0 native plugins for Editor in 0.00 ms.
Unloading 3366 Unused Serialized files (Serialized files now loaded: 0)
System memory in use before: 131.5 MB.
System memory in use after: 131.6 MB.

Unloading 17 unused Assets to reduce memory usage. Loaded Objects now: 3835.
Total: 5.727400 ms (FindLiveObjects: 0.610600 ms CreateObjectMapping: 0.484000 ms MarkObjects: 4.453600 ms  DeleteObjects: 0.176600 ms)

AssetImportWorkerClient::OnTransportError - code=2 error=End of file
